<?xml version="1.0" encoding="UTF-8"?>
<!-- Generated by org.testng.reporters.JUnitXMLReporter -->
<testsuite hostname="DESKTOP-MB16O9P" ignored="0" name="zzkgTest" tests="4" failures="2" timestamp="06 九月 2017 10:30:08 GMT" time="5.278" errors="0">
  <testcase name="quickBuy" time="0.82" classname="com.zzkg.cases.find.FindModule"/>
  <testcase name="quickBuy" time="0.462" classname="com.zzkg.cases.find.FindModule">
    <failure type="java.lang.AssertionError" message="expected [true] but found [false]">
      <![CDATA[java.lang.AssertionError: expected [true] but found [false]
	at com.zzkg.cases.find.FindModule.quickBuy(FindModule.java:29)
... Removed 29 stack frames]]>
    </failure>
  </testcase> <!-- quickBuy -->
  <testcase name="quickBuy" time="0.409" classname="com.zzkg.cases.find.FindModule">
    <failure type="java.lang.AssertionError" message="expected [true] but found [false]">
      <![CDATA[java.lang.AssertionError: expected [true] but found [false]
	at com.zzkg.cases.find.FindModule.quickBuy(FindModule.java:29)
... Removed 29 stack frames]]>
    </failure>
  </testcase> <!-- quickBuy -->
  <testcase name="quickBuy" time="0.421" classname="com.zzkg.cases.find.FindModule"/>
</testsuite> <!-- zzkgTest -->
