<?xml version="1.0" encoding="UTF-8"?>
<!-- Generated by org.testng.reporters.JUnitReportReporter -->
<testsuite skipped="0" hostname="DESKTOP-M6L880B" name="test.DebugTestNG" tests="1" failures="0" timestamp="27 八月 2017 08:42:12 GMT" time="1.410" errors="1">
  <testcase name="exchangeGift" time="1.410" classname="test.DebugTestNG">
    <error type="net.sf.json.JSONException" message="A JSONObject text must begin with &#039;{&#039; at character 1 of &lt;!DOCTYPE HTML PUBLIC &quot;-//IETF//DTD HTML 2.0//EN&quot;&gt;
&lt;html&gt;
&lt;head&gt;&lt;title&gt;404 Not Found&lt;/title&gt;&lt;/head&gt;
&lt;body bgcolor=&quot;white&quot;&gt;
&lt;h1&gt;404 Not Found&lt;/h1&gt;
&lt;p&gt;The requested URL was not found on this server. Sorry for the inconvenience.&lt;br/&gt;
Please report this message and include the following information to us.&lt;br/&gt;
Thank you very much!&lt;/p&gt;
&lt;table&gt;
&lt;tr&gt;
&lt;td&gt;URL:&lt;/td&gt;
&lt;td&gt;http://release.thy360.com/ja/user/v3/od/order&lt;/td&gt;
&lt;/tr&gt;
&lt;tr&gt;
&lt;td&gt;Server:&lt;/td&gt;
&lt;td&gt;qc-gz02-release-api05&lt;/td&gt;
&lt;/tr&gt;
&lt;tr&gt;
&lt;td&gt;Date:&lt;/td&gt;
&lt;td&gt;2017/08/27 16:43:44&lt;/td&gt;
&lt;/tr&gt;
&lt;/table&gt;
&lt;hr/&gt;Powered by Tengine&lt;/body&gt;
&lt;/html&gt;
">
      <![CDATA[net.sf.json.JSONException: A JSONObject text must begin with '{' at character 1 of <!DOCTYPE HTML PUBLIC "-//IETF//DTD HTML 2.0//EN">
<html>
<head><title>404 Not Found</title></head>
<body bgcolor="white">
<h1>404 Not Found</h1>
<p>The requested URL was not found on this server. Sorry for the inconvenience.<br/>
Please report this message and include the following information to us.<br/>
Thank you very much!</p>
<table>
<tr>
<td>URL:</td>
<td>http://release.thy360.com/ja/user/v3/od/order</td>
</tr>
<tr>
<td>Server:</td>
<td>qc-gz02-release-api05</td>
</tr>
<tr>
<td>Date:</td>
<td>2017/08/27 16:43:44</td>
</tr>
</table>
<hr/>Powered by Tengine</body>
</html>

	at net.sf.json.util.JSONTokener.syntaxError(JSONTokener.java:512)
	at net.sf.json.JSONObject._fromJSONTokener(JSONObject.java:881)
	at net.sf.json.JSONObject._fromString(JSONObject.java:1102)
	at net.sf.json.JSONObject.fromObject(JSONObject.java:175)
	at net.sf.json.JSONObject.fromObject(JSONObject.java:145)
	at test.DebugTestNG.exchangeGift(DebugTestNG.java:62)
	at sun.reflect.NativeMethodAccessorImpl.invoke0(Native Method)
	at sun.reflect.NativeMethodAccessorImpl.invoke(Unknown Source)
	at sun.reflect.DelegatingMethodAccessorImpl.invoke(Unknown Source)
	at java.lang.reflect.Method.invoke(Unknown Source)
	at org.testng.internal.MethodInvocationHelper.invokeMethod(MethodInvocationHelper.java:108)
	at org.testng.internal.Invoker.invokeMethod(Invoker.java:661)
	at org.testng.internal.Invoker.invokeTestMethod(Invoker.java:869)
	at org.testng.internal.Invoker.invokeTestMethods(Invoker.java:1193)
	at org.testng.internal.TestMethodWorker.invokeTestMethods(TestMethodWorker.java:126)
	at org.testng.internal.TestMethodWorker.run(TestMethodWorker.java:109)
	at org.testng.TestRunner.privateRun(TestRunner.java:744)
	at org.testng.TestRunner.run(TestRunner.java:602)
	at org.testng.SuiteRunner.runTest(SuiteRunner.java:380)
	at org.testng.SuiteRunner.runSequentially(SuiteRunner.java:375)
	at org.testng.SuiteRunner.privateRun(SuiteRunner.java:340)
	at org.testng.SuiteRunner.run(SuiteRunner.java:289)
	at org.testng.SuiteRunnerWorker.runSuite(SuiteRunnerWorker.java:52)
	at org.testng.SuiteRunnerWorker.run(SuiteRunnerWorker.java:86)
	at org.testng.TestNG.runSuitesSequentially(TestNG.java:1301)
	at org.testng.TestNG.runSuitesLocally(TestNG.java:1226)
	at org.testng.TestNG.runSuites(TestNG.java:1144)
	at org.testng.TestNG.run(TestNG.java:1115)
	at org.testng.remote.AbstractRemoteTestNG.run(AbstractRemoteTestNG.java:132)
	at org.testng.remote.RemoteTestNG.initAndRun(RemoteTestNG.java:230)
	at org.testng.remote.RemoteTestNG.main(RemoteTestNG.java:76)
]]>
    </error>
  </testcase> <!-- exchangeGift -->
</testsuite> <!-- test.DebugTestNG -->
